Analysis & Synthesis report for simpleMachine
Sat May 21 21:31:06 2022
Quartus II Version 8.1 Build 163 10/28/2008 SJ Web Edition


---------------------
; Table of Contents ;
---------------------
  1. Legal Notice
  2. Analysis & Synthesis Summary
  3. Analysis & Synthesis Settings
  4. Analysis & Synthesis Source Files Read
  5. Analysis & Synthesis Resource Usage Summary
  6. Analysis & Synthesis Resource Utilization by Entity
  7. General Register Statistics
  8. Inverted Register Statistics
  9. Analysis & Synthesis Messages



----------------
; Legal Notice ;
----------------
Copyright (C) 1991-2008 Altera Corporation
Your use of Altera Corporation's design tools, logic functions 
and other software and tools, and its AMPP partner logic 
functions, and any output files from any of the foregoing 
(including device programming or simulation files), and any 
associated documentation or information are expressly subject 
to the terms and conditions of the Altera Program License 
Subscription Agreement, Altera MegaCore Function License 
Agreement, or other applicable license agreement, including, 
without limitation, that your use is for the sole purpose of 
programming logic devices manufactured by Altera and sold by 
Altera or its authorized distributors.  Please refer to the 
applicable agreement for further details.



+------------------------------------------------------------------------------+
; Analysis & Synthesis Summary                                                 ;
+------------------------------------+-----------------------------------------+
; Analysis & Synthesis Status        ; Successful - Sat May 21 21:31:06 2022   ;
; Quartus II Version                 ; 8.1 Build 163 10/28/2008 SJ Web Edition ;
; Revision Name                      ; simpleMachine                           ;
; Top-level Entity Name              ; simpleMachine                           ;
; Family                             ; Cyclone II                              ;
; Total logic elements               ; 155                                     ;
;     Total combinational functions  ; 155                                     ;
;     Dedicated logic registers      ; 104                                     ;
; Total registers                    ; 104                                     ;
; Total pins                         ; 96                                      ;
; Total virtual pins                 ; 0                                       ;
; Total memory bits                  ; 0                                       ;
; Embedded Multiplier 9-bit elements ; 0                                       ;
; Total PLLs                         ; 0                                       ;
+------------------------------------+-----------------------------------------+


+----------------------------------------------------------------------------------------------------------+
; Analysis & Synthesis Settings                                                                            ;
+----------------------------------------------------------------+--------------------+--------------------+
; Option                                                         ; Setting            ; Default Value      ;
+----------------------------------------------------------------+--------------------+--------------------+
; Device                                                         ; EP2C8Q208C8        ;                    ;
; Top-level entity name                                          ; simpleMachine      ; simpleMachine      ;
; Family name                                                    ; Cyclone II         ; Stratix II         ;
; Use Generated Physical Constraints File                        ; Off                ;                    ;
; Use smart compilation                                          ; Off                ; Off                ;
; Restructure Multiplexers                                       ; Auto               ; Auto               ;
; Create Debugging Nodes for IP Cores                            ; Off                ; Off                ;
; Preserve fewer node names                                      ; On                 ; On                 ;
; Disable OpenCore Plus hardware evaluation                      ; Off                ; Off                ;
; Verilog Version                                                ; Verilog_2001       ; Verilog_2001       ;
; VHDL Version                                                   ; VHDL93             ; VHDL93             ;
; State Machine Processing                                       ; Auto               ; Auto               ;
; Safe State Machine                                             ; Off                ; Off                ;
; Extract Verilog State Machines                                 ; On                 ; On                 ;
; Extract VHDL State Machines                                    ; On                 ; On                 ;
; Ignore Verilog initial constructs                              ; Off                ; Off                ;
; Iteration limit for constant Verilog loops                     ; 5000               ; 5000               ;
; Iteration limit for non-constant Verilog loops                 ; 250                ; 250                ;
; Add Pass-Through Logic to Inferred RAMs                        ; On                 ; On                 ;
; Parallel Synthesis                                             ; Off                ; Off                ;
; DSP Block Balancing                                            ; Auto               ; Auto               ;
; NOT Gate Push-Back                                             ; On                 ; On                 ;
; Power-Up Don't Care                                            ; On                 ; On                 ;
; Remove Redundant Logic Cells                                   ; Off                ; Off                ;
; Remove Duplicate Registers                                     ; On                 ; On                 ;
; Ignore CARRY Buffers                                           ; Off                ; Off                ;
; Ignore CASCADE Buffers                                         ; Off                ; Off                ;
; Ignore GLOBAL Buffers                                          ; Off                ; Off                ;
; Ignore ROW GLOBAL Buffers                                      ; Off                ; Off                ;
; Ignore LCELL Buffers                                           ; Off                ; Off                ;
; Ignore SOFT Buffers                                            ; On                 ; On                 ;
; Limit AHDL Integers to 32 Bits                                 ; Off                ; Off                ;
; Optimization Technique                                         ; Balanced           ; Balanced           ;
; Carry Chain Length                                             ; 70                 ; 70                 ;
; Auto Carry Chains                                              ; On                 ; On                 ;
; Auto Open-Drain Pins                                           ; On                 ; On                 ;
; Perform WYSIWYG Primitive Resynthesis                          ; Off                ; Off                ;
; Perform gate-level register retiming                           ; Off                ; Off                ;
; Allow register retiming to trade off Tsu/Tco with Fmax         ; On                 ; On                 ;
; Auto ROM Replacement                                           ; On                 ; On                 ;
; Auto RAM Replacement                                           ; On                 ; On                 ;
; Auto Shift Register Replacement                                ; Auto               ; Auto               ;
; Auto Clock Enable Replacement                                  ; On                 ; On                 ;
; Strict RAM Replacement                                         ; Off                ; Off                ;
; Allow Synchronous Control Signals                              ; On                 ; On                 ;
; Force Use of Synchronous Clear Signals                         ; Off                ; Off                ;
; Auto RAM to Logic Cell Conversion                              ; Off                ; Off                ;
; Auto Resource Sharing                                          ; Off                ; Off                ;
; Allow Any RAM Size For Recognition                             ; Off                ; Off                ;
; Allow Any ROM Size For Recognition                             ; Off                ; Off                ;
; Allow Any Shift Register Size For Recognition                  ; Off                ; Off                ;
; Use LogicLock Constraints during Resource Balancing            ; On                 ; On                 ;
; Ignore translate_off and synthesis_off directives              ; Off                ; Off                ;
; Show Parameter Settings Tables in Synthesis Report             ; On                 ; On                 ;
; Ignore Maximum Fan-Out Assignments                             ; Off                ; Off                ;
; Synchronization Register Chain Length                          ; 2                  ; 2                  ;
; PowerPlay Power Optimization                                   ; Normal compilation ; Normal compilation ;
; HDL message level                                              ; Level2             ; Level2             ;
; Suppress Register Optimization Related Messages                ; Off                ; Off                ;
; Number of Removed Registers Reported in Synthesis Report       ; 100                ; 100                ;
; Number of Inverted Registers Reported in Synthesis Report      ; 100                ; 100                ;
; Clock MUX Protection                                           ; On                 ; On                 ;
; Auto Gated Clock Conversion                                    ; Off                ; Off                ;
; Block Design Naming                                            ; Auto               ; Auto               ;
; SDC constraint protection                                      ; Off                ; Off                ;
; Synthesis Effort                                               ; Auto               ; Auto               ;
; Allows Asynchronous Clear Usage For Shift Register Replacement ; On                 ; On                 ;
; Analysis & Synthesis Message Level                             ; Medium             ; Medium             ;
+----------------------------------------------------------------+--------------------+--------------------+


+----------------------------------------------------------------------------------------------------------------------------------------------------------+
; Analysis & Synthesis Source Files Read                                                                                                                   ;
+----------------------------------+-----------------+------------------------------------------+----------------------------------------------------------+
; File Name with User-Entered Path ; Used in Netlist ; File Type                                ; File Name with Absolute Path                             ;
+----------------------------------+-----------------+------------------------------------------+----------------------------------------------------------+
; ALU.bdf                          ; yes             ; User Block Diagram/Schematic File        ; C:/Users/dell/Desktop/quTotal4/quTotal/ALU.bdf           ;
; move1.bdf                        ; yes             ; User Block Diagram/Schematic File        ; C:/Users/dell/Desktop/quTotal4/quTotal/move1.bdf         ;
; move8.bdf                        ; yes             ; User Block Diagram/Schematic File        ; C:/Users/dell/Desktop/quTotal4/quTotal/move8.bdf         ;
; R_8E.bdf                         ; yes             ; User Block Diagram/Schematic File        ; C:/Users/dell/Desktop/quTotal4/quTotal/R_8E.bdf          ;
; start.bdf                        ; yes             ; User Block Diagram/Schematic File        ; C:/Users/dell/Desktop/quTotal4/quTotal/start.bdf         ;
; 38decoder.bdf                    ; yes             ; User Block Diagram/Schematic File        ; C:/Users/dell/Desktop/quTotal4/quTotal/38decoder.bdf     ;
; 24decoder.bdf                    ; yes             ; User Block Diagram/Schematic File        ; C:/Users/dell/Desktop/quTotal4/quTotal/24decoder.bdf     ;
; simpleMachine.bdf                ; yes             ; User Block Diagram/Schematic File        ; C:/Users/dell/Desktop/quTotal4/quTotal/simpleMachine.bdf ;
; cALU.bdf                         ; yes             ; User Block Diagram/Schematic File        ; C:/Users/dell/Desktop/quTotal4/quTotal/cALU.bdf          ;
; addressOFJXT.bdf                 ; yes             ; User Block Diagram/Schematic File        ; C:/Users/dell/Desktop/quTotal4/quTotal/addressOFJXT.bdf  ;
; eightAdd.bdf                     ; yes             ; Auto-Found Block Diagram/Schematic File  ; C:/Users/dell/Desktop/quTotal4/quTotal/eightAdd.bdf      ;
; count_2.bdf                      ; yes             ; Auto-Found Block Diagram/Schematic File  ; C:/Users/dell/Desktop/quTotal4/quTotal/count_2.bdf       ;
; x1_2_1.bdf                       ; yes             ; Auto-Found Block Diagram/Schematic File  ; C:/Users/dell/Desktop/quTotal4/quTotal/x1_2_1.bdf        ;
; x8_3_1.bdf                       ; yes             ; Auto-Found Block Diagram/Schematic File  ; C:/Users/dell/Desktop/quTotal4/quTotal/x8_3_1.bdf        ;
; x1_3_1.bdf                       ; yes             ; Auto-Found Block Diagram/Schematic File  ; C:/Users/dell/Desktop/quTotal4/quTotal/x1_3_1.bdf        ;
; 74181.bdf                        ; yes             ; Megafunction                             ; c:/altera/81/quartus/libraries/others/maxplus2/74181.bdf ;
; 74182.bdf                        ; yes             ; Megafunction                             ; c:/altera/81/quartus/libraries/others/maxplus2/74182.bdf ;
; x8_2_1.bdf                       ; yes             ; Auto-Found Block Diagram/Schematic File  ; C:/Users/dell/Desktop/quTotal4/quTotal/x8_2_1.bdf        ;
; MDR.bdf                          ; yes             ; Auto-Found Block Diagram/Schematic File  ; C:/Users/dell/Desktop/quTotal4/quTotal/MDR.bdf           ;
; R0-R4.bdf                        ; yes             ; Auto-Found Block Diagram/Schematic File  ; C:/Users/dell/Desktop/quTotal4/quTotal/R0-R4.bdf         ;
; x8_4_1.bdf                       ; yes             ; Auto-Found Block Diagram/Schematic File  ; C:/Users/dell/Desktop/quTotal4/quTotal/x8_4_1.bdf        ;
; x1_4_1.bdf                       ; yes             ; Auto-Found Block Diagram/Schematic File  ; C:/Users/dell/Desktop/quTotal4/quTotal/x1_4_1.bdf        ;
; psw.bdf                          ; yes             ; Auto-Found Block Diagram/Schematic File  ; C:/Users/dell/Desktop/quTotal4/quTotal/psw.bdf           ;
+----------------------------------+-----------------+------------------------------------------+----------------------------------------------------------+


+-----------------------------------------------------+
; Analysis & Synthesis Resource Usage Summary         ;
+---------------------------------------------+-------+
; Resource                                    ; Usage ;
+---------------------------------------------+-------+
; Estimated Total logic elements              ; 155   ;
;                                             ;       ;
; Total combinational functions               ; 155   ;
; Logic element usage by number of LUT inputs ;       ;
;     -- 4 input functions                    ; 102   ;
;     -- 3 input functions                    ; 38    ;
;     -- <=2 input functions                  ; 15    ;
;                                             ;       ;
; Logic elements by mode                      ;       ;
;     -- normal mode                          ; 155   ;
;     -- arithmetic mode                      ; 0     ;
;                                             ;       ;
; Total registers                             ; 104   ;
;     -- Dedicated logic registers            ; 104   ;
;     -- I/O registers                        ; 0     ;
;                                             ;       ;
; I/O pins                                    ; 96    ;
; Maximum fan-out node                        ; CLRT  ;
; Maximum fan-out                             ; 104   ;
; Total fan-out                               ; 951   ;
; Average fan-out                             ; 2.68  ;
+---------------------------------------------+-------+


+-------------------------------------------------------------------------------------------------------------------------------------------------------------------------------------------------------------------+
; Analysis & Synthesis Resource Utilization by Entity                                                                                                                                                               ;
+----------------------------+-------------------+--------------+-------------+--------------+---------+-----------+------+--------------+-----------------------------------------------------------+--------------+
; Compilation Hierarchy Node ; LC Combinationals ; LC Registers ; Memory Bits ; DSP Elements ; DSP 9x9 ; DSP 18x18 ; Pins ; Virtual Pins ; Full Hierarchy Name                                       ; Library Name ;
+----------------------------+-------------------+--------------+-------------+--------------+---------+-----------+------+--------------+-----------------------------------------------------------+--------------+
; |simpleMachine             ; 155 (11)          ; 104 (2)      ; 0           ; 0            ; 0       ; 0         ; 96   ; 0            ; |simpleMachine                                            ; work         ;
;    |38decoder:inst27|      ; 1 (1)             ; 0 (0)        ; 0           ; 0            ; 0       ; 0         ; 0    ; 0            ; |simpleMachine|38decoder:inst27                           ; work         ;
;    |38decoder:inst36|      ; 1 (1)             ; 0 (0)        ; 0           ; 0            ; 0       ; 0         ; 0    ; 0            ; |simpleMachine|38decoder:inst36                           ; work         ;
;    |38decoder:inst51|      ; 5 (5)             ; 0 (0)        ; 0           ; 0            ; 0       ; 0         ; 0    ; 0            ; |simpleMachine|38decoder:inst51                           ; work         ;
;    |ALU:inst|              ; 27 (0)            ; 0 (0)        ; 0           ; 0            ; 0       ; 0         ; 0    ; 0            ; |simpleMachine|ALU:inst                                   ; work         ;
;       |74181:inst3|        ; 13 (13)           ; 0 (0)        ; 0           ; 0            ; 0       ; 0         ; 0    ; 0            ; |simpleMachine|ALU:inst|74181:inst3                       ; work         ;
;       |74181:inst|         ; 10 (10)           ; 0 (0)        ; 0           ; 0            ; 0       ; 0         ; 0    ; 0            ; |simpleMachine|ALU:inst|74181:inst                        ; work         ;
;       |74182:inst6|        ; 4 (4)             ; 0 (0)        ; 0           ; 0            ; 0       ; 0         ; 0    ; 0            ; |simpleMachine|ALU:inst|74182:inst6                       ; work         ;
;    |MDR:inst26|            ; 8 (0)             ; 8 (0)        ; 0           ; 0            ; 0       ; 0         ; 0    ; 0            ; |simpleMachine|MDR:inst26                                 ; work         ;
;       |R_8E:inst|          ; 0 (0)             ; 8 (8)        ; 0           ; 0            ; 0       ; 0         ; 0    ; 0            ; |simpleMachine|MDR:inst26|R_8E:inst                       ; work         ;
;       |x8_2_1:inst1|       ; 8 (0)             ; 0 (0)        ; 0           ; 0            ; 0       ; 0         ; 0    ; 0            ; |simpleMachine|MDR:inst26|x8_2_1:inst1                    ; work         ;
;          |x1_2_1:inst10|   ; 1 (1)             ; 0 (0)        ; 0           ; 0            ; 0       ; 0         ; 0    ; 0            ; |simpleMachine|MDR:inst26|x8_2_1:inst1|x1_2_1:inst10      ; work         ;
;          |x1_2_1:inst4|    ; 1 (1)             ; 0 (0)        ; 0           ; 0            ; 0       ; 0         ; 0    ; 0            ; |simpleMachine|MDR:inst26|x8_2_1:inst1|x1_2_1:inst4       ; work         ;
;          |x1_2_1:inst5|    ; 1 (1)             ; 0 (0)        ; 0           ; 0            ; 0       ; 0         ; 0    ; 0            ; |simpleMachine|MDR:inst26|x8_2_1:inst1|x1_2_1:inst5       ; work         ;
;          |x1_2_1:inst6|    ; 1 (1)             ; 0 (0)        ; 0           ; 0            ; 0       ; 0         ; 0    ; 0            ; |simpleMachine|MDR:inst26|x8_2_1:inst1|x1_2_1:inst6       ; work         ;
;          |x1_2_1:inst7|    ; 1 (1)             ; 0 (0)        ; 0           ; 0            ; 0       ; 0         ; 0    ; 0            ; |simpleMachine|MDR:inst26|x8_2_1:inst1|x1_2_1:inst7       ; work         ;
;          |x1_2_1:inst8|    ; 1 (1)             ; 0 (0)        ; 0           ; 0            ; 0       ; 0         ; 0    ; 0            ; |simpleMachine|MDR:inst26|x8_2_1:inst1|x1_2_1:inst8       ; work         ;
;          |x1_2_1:inst9|    ; 1 (1)             ; 0 (0)        ; 0           ; 0            ; 0       ; 0         ; 0    ; 0            ; |simpleMachine|MDR:inst26|x8_2_1:inst1|x1_2_1:inst9       ; work         ;
;          |x1_2_1:inst|     ; 1 (1)             ; 0 (0)        ; 0           ; 0            ; 0       ; 0         ; 0    ; 0            ; |simpleMachine|MDR:inst26|x8_2_1:inst1|x1_2_1:inst        ; work         ;
;    |R0-R4:inst30|          ; 22 (4)            ; 32 (0)       ; 0           ; 0            ; 0       ; 0         ; 0    ; 0            ; |simpleMachine|R0-R4:inst30                               ; work         ;
;       |R_8E:inst1|         ; 0 (0)             ; 8 (8)        ; 0           ; 0            ; 0       ; 0         ; 0    ; 0            ; |simpleMachine|R0-R4:inst30|R_8E:inst1                    ; work         ;
;       |R_8E:inst2|         ; 0 (0)             ; 8 (8)        ; 0           ; 0            ; 0       ; 0         ; 0    ; 0            ; |simpleMachine|R0-R4:inst30|R_8E:inst2                    ; work         ;
;       |R_8E:inst3|         ; 0 (0)             ; 8 (8)        ; 0           ; 0            ; 0       ; 0         ; 0    ; 0            ; |simpleMachine|R0-R4:inst30|R_8E:inst3                    ; work         ;
;       |R_8E:inst|          ; 0 (0)             ; 8 (8)        ; 0           ; 0            ; 0       ; 0         ; 0    ; 0            ; |simpleMachine|R0-R4:inst30|R_8E:inst                     ; work         ;
;       |x8_4_1:inst13|      ; 16 (0)            ; 0 (0)        ; 0           ; 0            ; 0       ; 0         ; 0    ; 0            ; |simpleMachine|R0-R4:inst30|x8_4_1:inst13                 ; work         ;
;          |x1_4_1:inst1|    ; 2 (2)             ; 0 (0)        ; 0           ; 0            ; 0       ; 0         ; 0    ; 0            ; |simpleMachine|R0-R4:inst30|x8_4_1:inst13|x1_4_1:inst1    ; work         ;
;          |x1_4_1:inst2|    ; 2 (2)             ; 0 (0)        ; 0           ; 0            ; 0       ; 0         ; 0    ; 0            ; |simpleMachine|R0-R4:inst30|x8_4_1:inst13|x1_4_1:inst2    ; work         ;
;          |x1_4_1:inst3|    ; 2 (2)             ; 0 (0)        ; 0           ; 0            ; 0       ; 0         ; 0    ; 0            ; |simpleMachine|R0-R4:inst30|x8_4_1:inst13|x1_4_1:inst3    ; work         ;
;          |x1_4_1:inst4|    ; 2 (2)             ; 0 (0)        ; 0           ; 0            ; 0       ; 0         ; 0    ; 0            ; |simpleMachine|R0-R4:inst30|x8_4_1:inst13|x1_4_1:inst4    ; work         ;
;          |x1_4_1:inst5|    ; 2 (2)             ; 0 (0)        ; 0           ; 0            ; 0       ; 0         ; 0    ; 0            ; |simpleMachine|R0-R4:inst30|x8_4_1:inst13|x1_4_1:inst5    ; work         ;
;          |x1_4_1:inst6|    ; 2 (2)             ; 0 (0)        ; 0           ; 0            ; 0       ; 0         ; 0    ; 0            ; |simpleMachine|R0-R4:inst30|x8_4_1:inst13|x1_4_1:inst6    ; work         ;
;          |x1_4_1:inst7|    ; 2 (2)             ; 0 (0)        ; 0           ; 0            ; 0       ; 0         ; 0    ; 0            ; |simpleMachine|R0-R4:inst30|x8_4_1:inst13|x1_4_1:inst7    ; work         ;
;          |x1_4_1:inst8|    ; 2 (2)             ; 0 (0)        ; 0           ; 0            ; 0       ; 0         ; 0    ; 0            ; |simpleMachine|R0-R4:inst30|x8_4_1:inst13|x1_4_1:inst8    ; work         ;
;       |x8_4_1:inst14|      ; 2 (0)             ; 0 (0)        ; 0           ; 0            ; 0       ; 0         ; 0    ; 0            ; |simpleMachine|R0-R4:inst30|x8_4_1:inst14                 ; work         ;
;          |x1_4_1:inst1|    ; 2 (2)             ; 0 (0)        ; 0           ; 0            ; 0       ; 0         ; 0    ; 0            ; |simpleMachine|R0-R4:inst30|x8_4_1:inst14|x1_4_1:inst1    ; work         ;
;    |R_8E:inst21|           ; 0 (0)             ; 8 (8)        ; 0           ; 0            ; 0       ; 0         ; 0    ; 0            ; |simpleMachine|R_8E:inst21                                ; work         ;
;    |R_8E:inst22|           ; 0 (0)             ; 8 (8)        ; 0           ; 0            ; 0       ; 0         ; 0    ; 0            ; |simpleMachine|R_8E:inst22                                ; work         ;
;    |R_8E:inst7|            ; 0 (0)             ; 8 (8)        ; 0           ; 0            ; 0       ; 0         ; 0    ; 0            ; |simpleMachine|R_8E:inst7                                 ; work         ;
;    |R_8E:inst8|            ; 0 (0)             ; 8 (8)        ; 0           ; 0            ; 0       ; 0         ; 0    ; 0            ; |simpleMachine|R_8E:inst8                                 ; work         ;
;    |eightAdd:inst20|       ; 14 (2)            ; 8 (0)        ; 0           ; 0            ; 0       ; 0         ; 0    ; 0            ; |simpleMachine|eightAdd:inst20                            ; work         ;
;       |count_2:inst1|      ; 3 (2)             ; 2 (2)        ; 0           ; 0            ; 0       ; 0         ; 0    ; 0            ; |simpleMachine|eightAdd:inst20|count_2:inst1              ; work         ;
;          |x1_2_1:inst2|    ; 1 (1)             ; 0 (0)        ; 0           ; 0            ; 0       ; 0         ; 0    ; 0            ; |simpleMachine|eightAdd:inst20|count_2:inst1|x1_2_1:inst2 ; work         ;
;       |count_2:inst2|      ; 3 (2)             ; 2 (2)        ; 0           ; 0            ; 0       ; 0         ; 0    ; 0            ; |simpleMachine|eightAdd:inst20|count_2:inst2              ; work         ;
;          |x1_2_1:inst2|    ; 1 (1)             ; 0 (0)        ; 0           ; 0            ; 0       ; 0         ; 0    ; 0            ; |simpleMachine|eightAdd:inst20|count_2:inst2|x1_2_1:inst2 ; work         ;
;       |count_2:inst3|      ; 3 (1)             ; 2 (2)        ; 0           ; 0            ; 0       ; 0         ; 0    ; 0            ; |simpleMachine|eightAdd:inst20|count_2:inst3              ; work         ;
;          |x1_2_1:inst2|    ; 1 (1)             ; 0 (0)        ; 0           ; 0            ; 0       ; 0         ; 0    ; 0            ; |simpleMachine|eightAdd:inst20|count_2:inst3|x1_2_1:inst2 ; work         ;
;          |x1_2_1:inst|     ; 1 (1)             ; 0 (0)        ; 0           ; 0            ; 0       ; 0         ; 0    ; 0            ; |simpleMachine|eightAdd:inst20|count_2:inst3|x1_2_1:inst  ; work         ;
;       |count_2:inst|       ; 3 (2)             ; 2 (2)        ; 0           ; 0            ; 0       ; 0         ; 0    ; 0            ; |simpleMachine|eightAdd:inst20|count_2:inst               ; work         ;
;          |x1_2_1:inst2|    ; 1 (1)             ; 0 (0)        ; 0           ; 0            ; 0       ; 0         ; 0    ; 0            ; |simpleMachine|eightAdd:inst20|count_2:inst|x1_2_1:inst2  ; work         ;
;    |eightAdd:inst34|       ; 17 (2)            ; 8 (0)        ; 0           ; 0            ; 0       ; 0         ; 0    ; 0            ; |simpleMachine|eightAdd:inst34                            ; work         ;
;       |count_2:inst1|      ; 4 (2)             ; 2 (2)        ; 0           ; 0            ; 0       ; 0         ; 0    ; 0            ; |simpleMachine|eightAdd:inst34|count_2:inst1              ; work         ;
;          |x1_2_1:inst2|    ; 2 (2)             ; 0 (0)        ; 0           ; 0            ; 0       ; 0         ; 0    ; 0            ; |simpleMachine|eightAdd:inst34|count_2:inst1|x1_2_1:inst2 ; work         ;
;       |count_2:inst2|      ; 2 (0)             ; 2 (2)        ; 0           ; 0            ; 0       ; 0         ; 0    ; 0            ; |simpleMachine|eightAdd:inst34|count_2:inst2              ; work         ;
;          |x1_2_1:inst2|    ; 1 (1)             ; 0 (0)        ; 0           ; 0            ; 0       ; 0         ; 0    ; 0            ; |simpleMachine|eightAdd:inst34|count_2:inst2|x1_2_1:inst2 ; work         ;
;          |x1_2_1:inst|     ; 1 (1)             ; 0 (0)        ; 0           ; 0            ; 0       ; 0         ; 0    ; 0            ; |simpleMachine|eightAdd:inst34|count_2:inst2|x1_2_1:inst  ; work         ;
;       |count_2:inst3|      ; 4 (1)             ; 2 (2)        ; 0           ; 0            ; 0       ; 0         ; 0    ; 0            ; |simpleMachine|eightAdd:inst34|count_2:inst3              ; work         ;
;          |x1_2_1:inst2|    ; 2 (2)             ; 0 (0)        ; 0           ; 0            ; 0       ; 0         ; 0    ; 0            ; |simpleMachine|eightAdd:inst34|count_2:inst3|x1_2_1:inst2 ; work         ;
;          |x1_2_1:inst|     ; 1 (1)             ; 0 (0)        ; 0           ; 0            ; 0       ; 0         ; 0    ; 0            ; |simpleMachine|eightAdd:inst34|count_2:inst3|x1_2_1:inst  ; work         ;
;       |count_2:inst|       ; 5 (3)             ; 2 (2)        ; 0           ; 0            ; 0       ; 0         ; 0    ; 0            ; |simpleMachine|eightAdd:inst34|count_2:inst               ; work         ;
;          |x1_2_1:inst2|    ; 2 (2)             ; 0 (0)        ; 0           ; 0            ; 0       ; 0         ; 0    ; 0            ; |simpleMachine|eightAdd:inst34|count_2:inst|x1_2_1:inst2  ; work         ;
;    |move8:inst14|          ; 8 (0)             ; 8 (0)        ; 0           ; 0            ; 0       ; 0         ; 0    ; 0            ; |simpleMachine|move8:inst14                               ; work         ;
;       |move1:inst21|       ; 1 (0)             ; 1 (1)        ; 0           ; 0            ; 0       ; 0         ; 0    ; 0            ; |simpleMachine|move8:inst14|move1:inst21                  ; work         ;
;          |x1_3_1:inst1|    ; 1 (1)             ; 0 (0)        ; 0           ; 0            ; 0       ; 0         ; 0    ; 0            ; |simpleMachine|move8:inst14|move1:inst21|x1_3_1:inst1     ; work         ;
;       |move1:inst22|       ; 1 (0)             ; 1 (1)        ; 0           ; 0            ; 0       ; 0         ; 0    ; 0            ; |simpleMachine|move8:inst14|move1:inst22                  ; work         ;
;          |x1_3_1:inst1|    ; 1 (1)             ; 0 (0)        ; 0           ; 0            ; 0       ; 0         ; 0    ; 0            ; |simpleMachine|move8:inst14|move1:inst22|x1_3_1:inst1     ; work         ;
;       |move1:inst23|       ; 1 (0)             ; 1 (1)        ; 0           ; 0            ; 0       ; 0         ; 0    ; 0            ; |simpleMachine|move8:inst14|move1:inst23                  ; work         ;
;          |x1_3_1:inst1|    ; 1 (1)             ; 0 (0)        ; 0           ; 0            ; 0       ; 0         ; 0    ; 0            ; |simpleMachine|move8:inst14|move1:inst23|x1_3_1:inst1     ; work         ;
;       |move1:inst24|       ; 1 (0)             ; 1 (1)        ; 0           ; 0            ; 0       ; 0         ; 0    ; 0            ; |simpleMachine|move8:inst14|move1:inst24                  ; work         ;
;          |x1_3_1:inst1|    ; 1 (1)             ; 0 (0)        ; 0           ; 0            ; 0       ; 0         ; 0    ; 0            ; |simpleMachine|move8:inst14|move1:inst24|x1_3_1:inst1     ; work         ;
;       |move1:inst25|       ; 1 (0)             ; 1 (1)        ; 0           ; 0            ; 0       ; 0         ; 0    ; 0            ; |simpleMachine|move8:inst14|move1:inst25                  ; work         ;
;          |x1_3_1:inst1|    ; 1 (1)             ; 0 (0)        ; 0           ; 0            ; 0       ; 0         ; 0    ; 0            ; |simpleMachine|move8:inst14|move1:inst25|x1_3_1:inst1     ; work         ;
;       |move1:inst26|       ; 1 (0)             ; 1 (1)        ; 0           ; 0            ; 0       ; 0         ; 0    ; 0            ; |simpleMachine|move8:inst14|move1:inst26                  ; work         ;
;          |x1_3_1:inst1|    ; 1 (1)             ; 0 (0)        ; 0           ; 0            ; 0       ; 0         ; 0    ; 0            ; |simpleMachine|move8:inst14|move1:inst26|x1_3_1:inst1     ; work         ;
;       |move1:inst27|       ; 1 (0)             ; 1 (1)        ; 0           ; 0            ; 0       ; 0         ; 0    ; 0            ; |simpleMachine|move8:inst14|move1:inst27                  ; work         ;
;          |x1_3_1:inst1|    ; 1 (1)             ; 0 (0)        ; 0           ; 0            ; 0       ; 0         ; 0    ; 0            ; |simpleMachine|move8:inst14|move1:inst27|x1_3_1:inst1     ; work         ;
;       |move1:inst|         ; 1 (0)             ; 1 (1)        ; 0           ; 0            ; 0       ; 0         ; 0    ; 0            ; |simpleMachine|move8:inst14|move1:inst                    ; work         ;
;          |x1_3_1:inst1|    ; 1 (1)             ; 0 (0)        ; 0           ; 0            ; 0       ; 0         ; 0    ; 0            ; |simpleMachine|move8:inst14|move1:inst|x1_3_1:inst1       ; work         ;
;    |psw:inst6|             ; 4 (4)             ; 4 (4)        ; 0           ; 0            ; 0       ; 0         ; 0    ; 0            ; |simpleMachine|psw:inst6                                  ; work         ;
;    |start:inst38|          ; 3 (3)             ; 2 (2)        ; 0           ; 0            ; 0       ; 0         ; 0    ; 0            ; |simpleMachine|start:inst38                               ; work         ;
;    |x1_4_1:inst15|         ; 2 (2)             ; 0 (0)        ; 0           ; 0            ; 0       ; 0         ; 0    ; 0            ; |simpleMachine|x1_4_1:inst15                              ; work         ;
;    |x8_2_1:inst12|         ; 8 (0)             ; 0 (0)        ; 0           ; 0            ; 0       ; 0         ; 0    ; 0            ; |simpleMachine|x8_2_1:inst12                              ; work         ;
;       |x1_2_1:inst10|      ; 1 (1)             ; 0 (0)        ; 0           ; 0            ; 0       ; 0         ; 0    ; 0            ; |simpleMachine|x8_2_1:inst12|x1_2_1:inst10                ; work         ;
;       |x1_2_1:inst4|       ; 1 (1)             ; 0 (0)        ; 0           ; 0            ; 0       ; 0         ; 0    ; 0            ; |simpleMachine|x8_2_1:inst12|x1_2_1:inst4                 ; work         ;
;       |x1_2_1:inst5|       ; 1 (1)             ; 0 (0)        ; 0           ; 0            ; 0       ; 0         ; 0    ; 0            ; |simpleMachine|x8_2_1:inst12|x1_2_1:inst5                 ; work         ;
;       |x1_2_1:inst6|       ; 1 (1)             ; 0 (0)        ; 0           ; 0            ; 0       ; 0         ; 0    ; 0            ; |simpleMachine|x8_2_1:inst12|x1_2_1:inst6                 ; work         ;
;       |x1_2_1:inst7|       ; 1 (1)             ; 0 (0)        ; 0           ; 0            ; 0       ; 0         ; 0    ; 0            ; |simpleMachine|x8_2_1:inst12|x1_2_1:inst7                 ; work         ;
;       |x1_2_1:inst8|       ; 1 (1)             ; 0 (0)        ; 0           ; 0            ; 0       ; 0         ; 0    ; 0            ; |simpleMachine|x8_2_1:inst12|x1_2_1:inst8                 ; work         ;
;       |x1_2_1:inst9|       ; 1 (1)             ; 0 (0)        ; 0           ; 0            ; 0       ; 0         ; 0    ; 0            ; |simpleMachine|x8_2_1:inst12|x1_2_1:inst9                 ; work         ;
;       |x1_2_1:inst|        ; 1 (1)             ; 0 (0)        ; 0           ; 0            ; 0       ; 0         ; 0    ; 0            ; |simpleMachine|x8_2_1:inst12|x1_2_1:inst                  ; work         ;
;    |x8_2_1:inst13|         ; 22 (0)            ; 0 (0)        ; 0           ; 0            ; 0       ; 0         ; 0    ; 0            ; |simpleMachine|x8_2_1:inst13                              ; work         ;
;       |x1_2_1:inst10|      ; 3 (3)             ; 0 (0)        ; 0           ; 0            ; 0       ; 0         ; 0    ; 0            ; |simpleMachine|x8_2_1:inst13|x1_2_1:inst10                ; work         ;
;       |x1_2_1:inst4|       ; 3 (3)             ; 0 (0)        ; 0           ; 0            ; 0       ; 0         ; 0    ; 0            ; |simpleMachine|x8_2_1:inst13|x1_2_1:inst4                 ; work         ;
;       |x1_2_1:inst5|       ; 3 (3)             ; 0 (0)        ; 0           ; 0            ; 0       ; 0         ; 0    ; 0            ; |simpleMachine|x8_2_1:inst13|x1_2_1:inst5                 ; work         ;
;       |x1_2_1:inst6|       ; 3 (3)             ; 0 (0)        ; 0           ; 0            ; 0       ; 0         ; 0    ; 0            ; |simpleMachine|x8_2_1:inst13|x1_2_1:inst6                 ; work         ;
;       |x1_2_1:inst7|       ; 3 (3)             ; 0 (0)        ; 0           ; 0            ; 0       ; 0         ; 0    ; 0            ; |simpleMachine|x8_2_1:inst13|x1_2_1:inst7                 ; work         ;
;       |x1_2_1:inst8|       ; 3 (3)             ; 0 (0)        ; 0           ; 0            ; 0       ; 0         ; 0    ; 0            ; |simpleMachine|x8_2_1:inst13|x1_2_1:inst8                 ; work         ;
;       |x1_2_1:inst9|       ; 3 (3)             ; 0 (0)        ; 0           ; 0            ; 0       ; 0         ; 0    ; 0            ; |simpleMachine|x8_2_1:inst13|x1_2_1:inst9                 ; work         ;
;       |x1_2_1:inst|        ; 1 (1)             ; 0 (0)        ; 0           ; 0            ; 0       ; 0         ; 0    ; 0            ; |simpleMachine|x8_2_1:inst13|x1_2_1:inst                  ; work         ;
;    |x8_3_1:inst35|         ; 2 (2)             ; 0 (0)        ; 0           ; 0            ; 0       ; 0         ; 0    ; 0            ; |simpleMachine|x8_3_1:inst35                              ; work         ;
+----------------------------+-------------------+--------------+-------------+--------------+---------+-----------+------+--------------+-----------------------------------------------------------+--------------+
Note: For table entries with two numbers listed, the numbers in parentheses indicate the number of resources of the given type used by the specific entity alone. The numbers listed outside of parentheses indicate the total resources of the given type used by the specific entity and all of its sub-entities in the hierarchy.


+------------------------------------------------------+
; General Register Statistics                          ;
+----------------------------------------------+-------+
; Statistic                                    ; Value ;
+----------------------------------------------+-------+
; Total registers                              ; 104   ;
; Number of registers using Synchronous Clear  ; 0     ;
; Number of registers using Synchronous Load   ; 5     ;
; Number of registers using Asynchronous Clear ; 104   ;
; Number of registers using Asynchronous Load  ; 0     ;
; Number of registers using Clock Enable       ; 0     ;
; Number of registers using Preset             ; 0     ;
+----------------------------------------------+-------+


+--------------------------------------------------+
; Inverted Register Statistics                     ;
+----------------------------------------+---------+
; Inverted Register                      ; Fan out ;
+----------------------------------------+---------+
; psw:inst6|inst5                        ; 1       ;
; Total number of inverted registers = 1 ;         ;
+----------------------------------------+---------+


+-------------------------------+
; Analysis & Synthesis Messages ;
+-------------------------------+
Info: *******************************************************************
Info: Running Quartus II Analysis & Synthesis
    Info: Version 8.1 Build 163 10/28/2008 SJ Web Edition
    Info: Processing started: Sat May 21 21:31:04 2022
Info: Command: quartus_map --read_settings_files=on --write_settings_files=off simpleMachine -c simpleMachine
Info: Found 1 design units, including 1 entities, in source file ALU.bdf
    Info: Found entity 1: ALU
Info: Found 1 design units, including 1 entities, in source file move1.bdf
    Info: Found entity 1: move1
Info: Found 1 design units, including 1 entities, in source file move8.bdf
    Info: Found entity 1: move8
Info: Found 1 design units, including 1 entities, in source file R_8E.bdf
    Info: Found entity 1: R_8E
Info: Found 1 design units, including 1 entities, in source file start.bdf
    Info: Found entity 1: start
Info: Found 1 design units, including 1 entities, in source file 38decoder.bdf
    Info: Found entity 1: 38decoder
Info: Found 1 design units, including 1 entities, in source file 24decoder.bdf
    Info: Found entity 1: 24decoder
Info: Found 1 design units, including 1 entities, in source file simpleMachine.bdf
    Info: Found entity 1: simpleMachine
Info: Found 1 design units, including 1 entities, in source file tAlu.bdf
    Info: Found entity 1: tAlu
Info: Found 1 design units, including 1 entities, in source file cALU.bdf
    Info: Found entity 1: cALU
Info: Found 1 design units, including 1 entities, in source file addressOFJXT.bdf
    Info: Found entity 1: addressOFJXT
Info: Found 1 design units, including 1 entities, in source file temp0.bdf
    Info: Found entity 1: temp0
Info: Elaborating entity "simpleMachine" for the top level hierarchy
Warning: Using design file eightAdd.bdf, which is not specified as a design file for the current project, but contains definitions for 1 design units and 1 entities in project
    Info: Found entity 1: eightAdd
Info: Elaborating entity "eightAdd" for hierarchy "eightAdd:inst34"
Warning: Using design file count_2.bdf, which is not specified as a design file for the current project, but contains definitions for 1 design units and 1 entities in project
    Info: Found entity 1: count_2
Info: Elaborating entity "count_2" for hierarchy "eightAdd:inst34|count_2:inst3"
Warning: Using design file x1_2_1.bdf, which is not specified as a design file for the current project, but contains definitions for 1 design units and 1 entities in project
    Info: Found entity 1: x1_2_1
Info: Elaborating entity "x1_2_1" for hierarchy "eightAdd:inst34|count_2:inst3|x1_2_1:inst"
Warning: Using design file x8_3_1.bdf, which is not specified as a design file for the current project, but contains definitions for 1 design units and 1 entities in project
    Info: Found entity 1: x8_3_1
Info: Elaborating entity "x8_3_1" for hierarchy "x8_3_1:inst35"
Info: Elaborating entity "38decoder" for hierarchy "38decoder:inst36"
Info: Elaborating entity "R_8E" for hierarchy "R_8E:inst21"
Info: Elaborating entity "start" for hierarchy "start:inst38"
Info: Elaborating entity "move8" for hierarchy "move8:inst14"
Info: Elaborating entity "move1" for hierarchy "move8:inst14|move1:inst"
Warning: Using design file x1_3_1.bdf, which is not specified as a design file for the current project, but contains definitions for 1 design units and 1 entities in project
    Info: Found entity 1: x1_3_1
Info: Elaborating entity "x1_3_1" for hierarchy "move8:inst14|move1:inst|x1_3_1:inst1"
Info: Elaborating entity "ALU" for hierarchy "ALU:inst"
Info: Elaborating entity "74181" for hierarchy "ALU:inst|74181:inst"
Info: Elaborated megafunction instantiation "ALU:inst|74181:inst"
Info: Elaborating entity "74182" for hierarchy "ALU:inst|74182:inst6"
Info: Elaborated megafunction instantiation "ALU:inst|74182:inst6"
Info: Elaborating entity "cALU" for hierarchy "cALU:inst3"
Warning: Using design file x8_2_1.bdf, which is not specified as a design file for the current project, but contains definitions for 1 design units and 1 entities in project
    Info: Found entity 1: x8_2_1
Info: Elaborating entity "x8_2_1" for hierarchy "x8_2_1:inst12"
Warning: Using design file MDR.bdf, which is not specified as a design file for the current project, but contains definitions for 1 design units and 1 entities in project
    Info: Found entity 1: MDR
Info: Elaborating entity "MDR" for hierarchy "MDR:inst26"
Warning: Using design file R0-R4.bdf, which is not specified as a design file for the current project, but contains definitions for 1 design units and 1 entities in project
    Info: Found entity 1: R0-R4
Info: Elaborating entity "R0-R4" for hierarchy "R0-R4:inst30"
Warning: No superset bus at connection
Warning: Using design file x8_4_1.bdf, which is not specified as a design file for the current project, but contains definitions for 1 design units and 1 entities in project
    Info: Found entity 1: x8_4_1
Info: Elaborating entity "x8_4_1" for hierarchy "R0-R4:inst30|x8_4_1:inst13"
Warning: Block or symbol "x1_4_1" of instance "inst4" overlaps another block or symbol
Warning: No superset bus at connection
Warning: Using design file x1_4_1.bdf, which is not specified as a design file for the current project, but contains definitions for 1 design units and 1 entities in project
    Info: Found entity 1: x1_4_1
Info: Elaborating entity "x1_4_1" for hierarchy "R0-R4:inst30|x8_4_1:inst13|x1_4_1:inst1"
Info: Elaborating entity "24decoder" for hierarchy "R0-R4:inst30|24decoder:inst4"
Warning: Using design file psw.bdf, which is not specified as a design file for the current project, but contains definitions for 1 design units and 1 entities in project
    Info: Found entity 1: psw
Info: Elaborating entity "psw" for hierarchy "psw:inst6"
Info: Elaborating entity "addressOFJXT" for hierarchy "addressOFJXT:inst80"
Info: Ignored 30 buffer(s)
    Info: Ignored 30 SOFT buffer(s)
Warning: Tri-state node(s) do not directly drive top-level pin(s)
    Warning: Converted tri-state buffer "R_8E:inst8|inst4" feeding internal logic into a wire
    Warning: Converted tri-state buffer "R_8E:inst8|inst5" feeding internal logic into a wire
    Warning: Converted tri-state buffer "R_8E:inst8|inst8" feeding internal logic into a wire
    Warning: Converted tri-state buffer "R_8E:inst8|inst10" feeding internal logic into a wire
    Warning: Converted tri-state buffer "R_8E:inst8|inst12" feeding internal logic into a wire
    Warning: Converted tri-state buffer "R_8E:inst8|inst14" feeding internal logic into a wire
    Warning: Converted tri-state buffer "R_8E:inst8|inst16" feeding internal logic into a wire
    Warning: Converted tri-state buffer "R_8E:inst8|inst18" feeding internal logic into a wire
    Warning: Converted tri-state buffer "R0-R4:inst30|R_8E:inst3|inst4" feeding internal logic into a wire
    Warning: Converted tri-state buffer "R0-R4:inst30|R_8E:inst3|inst5" feeding internal logic into a wire
    Warning: Converted tri-state buffer "R0-R4:inst30|R_8E:inst3|inst8" feeding internal logic into a wire
    Warning: Converted tri-state buffer "R0-R4:inst30|R_8E:inst3|inst10" feeding internal logic into a wire
    Warning: Converted tri-state buffer "R0-R4:inst30|R_8E:inst3|inst12" feeding internal logic into a wire
    Warning: Converted tri-state buffer "R0-R4:inst30|R_8E:inst3|inst14" feeding internal logic into a wire
    Warning: Converted tri-state buffer "R0-R4:inst30|R_8E:inst3|inst16" feeding internal logic into a wire
    Warning: Converted tri-state buffer "R0-R4:inst30|R_8E:inst3|inst18" feeding internal logic into a wire
    Warning: Converted tri-state buffer "R0-R4:inst30|R_8E:inst2|inst4" feeding internal logic into a wire
    Warning: Converted tri-state buffer "R0-R4:inst30|R_8E:inst2|inst5" feeding internal logic into a wire
    Warning: Converted tri-state buffer "R0-R4:inst30|R_8E:inst2|inst8" feeding internal logic into a wire
    Warning: Converted tri-state buffer "R0-R4:inst30|R_8E:inst2|inst10" feeding internal logic into a wire
    Warning: Converted tri-state buffer "R0-R4:inst30|R_8E:inst2|inst12" feeding internal logic into a wire
    Warning: Converted tri-state buffer "R0-R4:inst30|R_8E:inst2|inst14" feeding internal logic into a wire
    Warning: Converted tri-state buffer "R0-R4:inst30|R_8E:inst2|inst16" feeding internal logic into a wire
    Warning: Converted tri-state buffer "R0-R4:inst30|R_8E:inst2|inst18" feeding internal logic into a wire
    Warning: Converted tri-state buffer "R0-R4:inst30|R_8E:inst1|inst4" feeding internal logic into a wire
    Warning: Converted tri-state buffer "R0-R4:inst30|R_8E:inst1|inst5" feeding internal logic into a wire
    Warning: Converted tri-state buffer "R0-R4:inst30|R_8E:inst1|inst8" feeding internal logic into a wire
    Warning: Converted tri-state buffer "R0-R4:inst30|R_8E:inst1|inst10" feeding internal logic into a wire
    Warning: Converted tri-state buffer "R0-R4:inst30|R_8E:inst1|inst12" feeding internal logic into a wire
    Warning: Converted tri-state buffer "R0-R4:inst30|R_8E:inst1|inst14" feeding internal logic into a wire
    Warning: Converted tri-state buffer "R0-R4:inst30|R_8E:inst1|inst16" feeding internal logic into a wire
    Warning: Converted tri-state buffer "R0-R4:inst30|R_8E:inst1|inst18" feeding internal logic into a wire
    Warning: Converted tri-state buffer "R0-R4:inst30|R_8E:inst|inst4" feeding internal logic into a wire
    Warning: Converted tri-state buffer "R0-R4:inst30|R_8E:inst|inst5" feeding internal logic into a wire
    Warning: Converted tri-state buffer "R0-R4:inst30|R_8E:inst|inst8" feeding internal logic into a wire
    Warning: Converted tri-state buffer "R0-R4:inst30|R_8E:inst|inst10" feeding internal logic into a wire
    Warning: Converted tri-state buffer "R0-R4:inst30|R_8E:inst|inst12" feeding internal logic into a wire
    Warning: Converted tri-state buffer "R0-R4:inst30|R_8E:inst|inst14" feeding internal logic into a wire
    Warning: Converted tri-state buffer "R0-R4:inst30|R_8E:inst|inst16" feeding internal logic into a wire
    Warning: Converted tri-state buffer "R0-R4:inst30|R_8E:inst|inst18" feeding internal logic into a wire
    Warning: Converted tri-state buffer "R_8E:inst7|inst4" feeding internal logic into a wire
    Warning: Converted tri-state buffer "R_8E:inst7|inst5" feeding internal logic into a wire
    Warning: Converted tri-state buffer "R_8E:inst7|inst8" feeding internal logic into a wire
    Warning: Converted tri-state buffer "R_8E:inst7|inst10" feeding internal logic into a wire
    Warning: Converted tri-state buffer "R_8E:inst7|inst12" feeding internal logic into a wire
    Warning: Converted tri-state buffer "R_8E:inst7|inst14" feeding internal logic into a wire
    Warning: Converted tri-state buffer "R_8E:inst7|inst16" feeding internal logic into a wire
    Warning: Converted tri-state buffer "R_8E:inst7|inst18" feeding internal logic into a wire
    Warning: Converted tri-state buffer "R_8E:inst21|inst4" feeding internal logic into a wire
    Warning: Converted tri-state buffer "R_8E:inst21|inst5" feeding internal logic into a wire
    Warning: Converted tri-state buffer "R_8E:inst21|inst8" feeding internal logic into a wire
    Warning: Converted tri-state buffer "R_8E:inst21|inst10" feeding internal logic into a wire
    Warning: Converted tri-state buffer "R_8E:inst21|inst12" feeding internal logic into a wire
    Warning: Converted tri-state buffer "R_8E:inst21|inst14" feeding internal logic into a wire
    Warning: Converted tri-state buffer "R_8E:inst21|inst16" feeding internal logic into a wire
    Warning: Converted tri-state buffer "R_8E:inst21|inst18" feeding internal logic into a wire
Warning: Always-enabled tri-state buffer(s) removed
    Warning: Converted the fanout from the always-enabled tri-state buffer "R_8E:inst22|inst18" to the node "MAR[7]" into a wire
    Warning: Converted the fanout from the always-enabled tri-state buffer "R_8E:inst22|inst16" to the node "MAR[6]" into a wire
    Warning: Converted the fanout from the always-enabled tri-state buffer "R_8E:inst22|inst14" to the node "MAR[5]" into a wire
    Warning: Converted the fanout from the always-enabled tri-state buffer "R_8E:inst22|inst12" to the node "MAR[4]" into a wire
    Warning: Converted the fanout from the always-enabled tri-state buffer "R_8E:inst22|inst10" to the node "MAR[3]" into a wire
    Warning: Converted the fanout from the always-enabled tri-state buffer "R_8E:inst22|inst8" to the node "MAR[2]" into a wire
    Warning: Converted the fanout from the always-enabled tri-state buffer "R_8E:inst22|inst5" to the node "MAR[1]" into a wire
    Warning: Converted the fanout from the always-enabled tri-state buffer "R_8E:inst22|inst4" to the node "MAR[0]" into a wire
    Warning: Converted the fanout from the always-enabled tri-state buffer "MDR:inst26|R_8E:inst|inst18" to the node "MA[7]" into a wire
    Warning: Converted the fanout from the always-enabled tri-state buffer "MDR:inst26|R_8E:inst|inst16" to the node "MA[6]" into a wire
    Warning: Converted the fanout from the always-enabled tri-state buffer "MDR:inst26|R_8E:inst|inst14" to the node "MA[5]" into a wire
    Warning: Converted the fanout from the always-enabled tri-state buffer "MDR:inst26|R_8E:inst|inst12" to the node "MA[4]" into a wire
    Warning: Converted the fanout from the always-enabled tri-state buffer "MDR:inst26|R_8E:inst|inst10" to the node "MA[3]" into a wire
    Warning: Converted the fanout from the always-enabled tri-state buffer "MDR:inst26|R_8E:inst|inst8" to the node "MA[2]" into a wire
    Warning: Converted the fanout from the always-enabled tri-state buffer "MDR:inst26|R_8E:inst|inst5" to the node "MA[1]" into a wire
    Warning: Converted the fanout from the always-enabled tri-state buffer "MDR:inst26|R_8E:inst|inst4" to the node "MA[0]" into a wire
    Warning: Converted the fanout from the always-enabled tri-state buffer "MDR:inst26|R_8E:inst|inst18" to the node "x8_2_1:inst12|x1_2_1:inst10|inst" into a wire
    Warning: Converted the fanout from the always-enabled tri-state buffer "MDR:inst26|R_8E:inst|inst16" to the node "x8_2_1:inst12|x1_2_1:inst9|inst" into a wire
    Warning: Converted the fanout from the always-enabled tri-state buffer "MDR:inst26|R_8E:inst|inst14" to the node "x8_2_1:inst12|x1_2_1:inst8|inst" into a wire
    Warning: Converted the fanout from the always-enabled tri-state buffer "MDR:inst26|R_8E:inst|inst12" to the node "x8_2_1:inst12|x1_2_1:inst7|inst" into a wire
    Warning: Converted the fanout from the always-enabled tri-state buffer "MDR:inst26|R_8E:inst|inst10" to the node "x8_2_1:inst12|x1_2_1:inst6|inst" into a wire
    Warning: Converted the fanout from the always-enabled tri-state buffer "MDR:inst26|R_8E:inst|inst8" to the node "x8_2_1:inst12|x1_2_1:inst5|inst" into a wire
    Warning: Converted the fanout from the always-enabled tri-state buffer "MDR:inst26|R_8E:inst|inst5" to the node "x8_2_1:inst12|x1_2_1:inst4|inst" into a wire
    Warning: Converted the fanout from the always-enabled tri-state buffer "MDR:inst26|R_8E:inst|inst4" to the node "x8_2_1:inst12|x1_2_1:inst|inst" into a wire
Info: Registers with preset signals will power-up high
Info: DEV_CLRn pin will set, and not reset, register with preset signal due to NOT Gate Push-Back
Info: Implemented 303 device resources after synthesis - the final resource count might be different
    Info: Implemented 25 input pins
    Info: Implemented 63 output pins
    Info: Implemented 8 bidirectional pins
    Info: Implemented 207 logic cells
Info: Quartus II Analysis & Synthesis was successful. 0 errors, 96 warnings
    Info: Peak virtual memory: 194 megabytes
    Info: Processing ended: Sat May 21 21:31:06 2022
    Info: Elapsed time: 00:00:02
    Info: Total CPU time (on all processors): 00:00:02


